<25/10/2018 9:45 
Error trying to write json result files in article dolar-cai-em-relacao-ao-euro-e-ganha-forca-no-cambio-com-o-iene-617881.txt
Log end... ><25/10/2018 9:45 
Error trying to write json result files in article moedas--eurusd-subiu-no-final-da-sessao-dos-estados-unidos-618321.txt
Log end... ><25/10/2018 9:45 
Error trying to write json result files in article moedas--eurusd-subiu-perto-do-final-da-sessao-dos-estados-unidos-617851.txt
Log end... ><25/10/2018 9:45 
Error trying to write json result files in article moedas--gbpusd-subiu-no-final-da-sessao-dos-estados-unidos-618042.txt
Log end... ><25/10/2018 9:45 
Error trying to write json result files in article moedas--usdjpy-caiu-no-final-da-sessao-dos-estados-unidos-618040.txt
Log end... ><25/10/2018 9:45 
Error trying to write json result files in article moedas--eurjpy-caiu-durante-a-sessao-asiatica-618152.txt
Log end... ><25/10/2018 9:45 
Error trying to write json result files in article moedas--calendario-da-semana-19-a-23-de-novembro-618107.txt
Log end... ><25/10/2018 9:45 
Error trying to write json result files in article cotacao-do-dolar-frente-as-moedas-latinoamericanas-618071.txt
Log end... ><25/10/2018 9:45 
Error trying to write json result files in article euro-sobe-para-us-11454-em-frankfurt-618254.txt
Log end... ><25/10/2018 9:45 
Error trying to write json result files in article moedas--audusd-caiu-durante-a-sessao-asiatica-617882.txt
Log end... ><25/10/2018 9:45 
Error trying to write json result files in article euro-sobe-para-us-11402-em-frankfurt-618164.txt
Log end... ><25/10/2018 9:45 
Error trying to write json result files in article dolar-cai-em-relacao-a-euro-e-iene-618072.txt
Log end... ><25/10/2018 9:45 
Error trying to write json result files in article moedas--eurusd-subiu-no-final-da-sessao-dos-estados-unidos-617860.txt
Log end... ><25/10/2018 9:45 
Error trying to write json result files in article dolar-cai-em-relacao-a-euro-e-iene-618350.txt
Log end... ><25/10/2018 9:45 
Error trying to write json result files in article metais--calendario-da-semana-19-a-23-de-novembro-618109.txt
Log end... ><25/10/2018 9:45 
Error trying to write json result files in article moedas--usdjpy-caiu-durante-a-sessao-asiatica-617879.txt
Log end... >Logando em: 25/10/2018 11:26> 
Erro ocorrido ao tentar gravar o arquivo json: autoridades-do-bce-reafirmam-plano-de-corte-de-estimulo-em-reuniao-de-outubro-diz-ata-618804.txt
Fim do Log... >Logando em: 25/10/2018 11:26> 
Erro ocorrido ao tentar gravar o arquivo json: atas-do-bce-reiteram-planos-para-encerrar-estimulos-este-ano-618810.txt
Fim do Log... >Logando em: 25/10/2018 11:26> 
Erro ocorrido ao tentar gravar o arquivo json: dolar-cai-em-relacao-a-euro-e-iene-618958.txt
Fim do Log... >Logando em: 25/10/2018 11:26> 
Erro ocorrido ao tentar gravar o arquivo json: cotacao-do-dolar-em-relacao-as-moedas-latinoamericanas-618721.txt
Fim do Log... >Logando em: 25/10/2018 11:26> 
Erro ocorrido ao tentar gravar o arquivo json: cotacao-do-dolar-em-relacao-as-moedas-latinoamericanas-619155.txt
Fim do Log... >Logando em: 25/10/2018 11:26> 
Erro ocorrido ao tentar gravar o arquivo json: dolar-caminha-para-maior-ganho-semanal-ante-cesta-de-moedas-em-um-mes-619061.txt
Fim do Log... >Logando em: 25/10/2018 11:26> 
Erro ocorrido ao tentar gravar o arquivo json: cotacao-do-dolar-frente-as-moedas-latinoamericanas-618956.txt
Fim do Log... >Logando em: 25/10/2018 11:26> 
Erro ocorrido ao tentar gravar o arquivo json: euro-cai-para-us-11393-em-frankfurt-618625.txt
Fim do Log... >Logando em: 25/10/2018 11:26> 
Erro ocorrido ao tentar gravar o arquivo json: dolar-sobe-em-relacao-a-euro-e-iene-619158.txt
Fim do Log... >Logando em: 25/10/2018 11:26> 
Erro ocorrido ao tentar gravar o arquivo json: dolar-cai-em-relacao-a-euro-e-sobe-frente-ao-iene-618725.txt
Fim do Log... >Logando em: 25/10/2018 11:26> 
Erro ocorrido ao tentar gravar o arquivo json: dolar-sobe-ante-real-em-dia-de-liquidez-baixa-com-feriado-nos-eua-618792.txt
Fim do Log... >Logando em: 25/10/2018 11:26> 
Erro ocorrido ao tentar gravar o arquivo json: euro-sobe-para-us-11413-em-frankfurt-618980.txt
Fim do Log... >Logando em: 25/10/2018 11:26> 
Erro ocorrido ao tentar gravar o arquivo json: euro-cai-para-us-11394-em-frankfurt-618507.txt
Fim do Log... >Logando em: 25/10/2018 11:26> 
Erro ocorrido ao tentar gravar o arquivo json: dolar-sobe-ante-real-pela-4a-semana-seguida-com-pressao-do-exterior-619114.txt
Fim do Log... >Logando em: 25/10/2018 11:26> 
Erro ocorrido ao tentar gravar o arquivo json: moedas--audusd-caiu-durante-a-sessao-asiatica-618973.txt
Fim do Log... >Logando em: 25/10/2018 11:26> 
Erro ocorrido ao tentar gravar o arquivo json: moedas--eurusd-caiu-no-final-da-sessao-dos-estados-unidos-619138.txt
Fim do Log... >Logando em: 25/10/2018 11:26> 
Erro ocorrido ao tentar gravar o arquivo json: euro-sobe-para-us-11406-em-frankfurt-618844.txt
Fim do Log... >Logando em: 25/10/2018 11:26> 
Erro ocorrido ao tentar gravar o arquivo json: euro-sobe-para-us-11405-em-frankfurt-618741.txt
Fim do Log... >Logando em: 25/10/2018 11:26> 
Erro ocorrido ao tentar gravar o arquivo json: dolar-tem-leves-oscilacoes-monitorando-exterior-e-apos-alta-recente-619023.txt
Fim do Log... >Logando em: 25/10/2018 11:26> 
Erro ocorrido ao tentar gravar o arquivo json: moedas--eurusd-subiu-no-final-da-sessao-dos-estados-unidos-618692.txt
Fim do Log... >Logando em: 25/10/2018 11:26> 
Erro ocorrido ao tentar gravar o arquivo json: moedas--eurusd-subiu-perto-do-final-da-sessao-dos-estados-unidos-618920.txt
Fim do Log... >Logando em: 25/10/2018 11:26> 
Erro ocorrido ao tentar gravar o arquivo json: moedas--eurusd-subiu-no-final-da-sessao-dos-estados-unidos-618930.txt
Fim do Log... >Logando em: 25/10/2018 11:26> 
Erro ocorrido ao tentar gravar o arquivo json: moedas--eurusd-subiu-durante-a-sessao-asiatica-618977.txt
Fim do Log... >Logando em: 25/10/2018 11:26> 
Erro ocorrido ao tentar gravar o arquivo json: moedas--usdjpy-caiu-no-final-da-sessao-dos-estados-unidos-619135.txt
Fim do Log... >Logando em: 25/10/2018 11:26> 
Erro ocorrido ao tentar gravar o arquivo json: moedas--dolar-em-queda-com-mercado-devagar-euro-ganha-terreno-618776.txt
Fim do Log... >Logando em: 25/10/2018 11:26> 
Erro ocorrido ao tentar gravar o arquivo json: moedas--gbpusd-caiu-no-final-da-sessao-dos-estados-unidos-619137.txt
Fim do Log... >Logando em: 25/10/2018 11:26> 
Erro ocorrido ao tentar gravar o arquivo json: dolar-tem-alta-ante-real-com-ajuste-a-aversao-ao-risco-registrada-no-feriado-618551.txt
Fim do Log... >Logando em: 25/10/2018 11:26> 
Erro ocorrido ao tentar gravar o arquivo json: moedas--dolar-cai-enquanto-aversao-a-risco-diminui-mas-cautela-persiste-618552.txt
Fim do Log... >Logando em: 25/10/2018 11:26> 
Erro ocorrido ao tentar gravar o arquivo json: moedas--libra-cai-enquanto-o-reino-unido-e-espanha-busca-acordo-sobre-gibraltar-619024.txt
Fim do Log... >Logando em: 25/10/2018 11:26> 
Erro ocorrido ao tentar gravar o arquivo json: moedas--nzdusd-caiu-durante-a-sessao-asiatica-618959.txt
Fim do Log... >Logando em: 25/10/2018 11:26> 
Erro ocorrido ao tentar gravar o arquivo json: moedas--usdjpy-subiu-durante-a-sessao-asiatica-618962.txt
Fim do Log... >Logando em: 25/10/2018 11:26> 
Erro ocorrido ao tentar gravar o arquivo json: dolar-tem-terceira-alta-seguida-ante-real-em-dia-de-liquidez-baixa-com-feriado-nos-eua-618917.txt
Fim do Log... >Logando em: 25/10/2018 11:26> 
Erro ocorrido ao tentar gravar o arquivo json: moedas--libra-se-recupera-com-esboco-de-acordo-positivo-entre-reino-unido-e-ue-618782.txt
Fim do Log... >Logando em: 25/10/2018 11:50> 
Erro ocorrido ao tentar gravar o arquivo json: autoridades-do-bce-reafirmam-plano-de-corte-de-estimulo-em-reuniao-de-outubro-diz-ata-618804.txt
Fim do Log... >Logando em: 25/10/2018 11:50> 
Erro ocorrido ao tentar gravar o arquivo json: atas-do-bce-reiteram-planos-para-encerrar-estimulos-este-ano-618810.txt
Fim do Log... >Logando em: 25/10/2018 11:50> 
Erro ocorrido ao tentar gravar o arquivo json: dolar-cai-em-relacao-a-euro-e-sobe-frente-ao-iene-618725.txt
Fim do Log... >Logando em: 25/10/2018 11:50> 
Erro ocorrido ao tentar gravar o arquivo json: moedas--eurusd-caiu-no-final-da-sessao-dos-estados-unidos-619138.txt
Fim do Log... >Logando em: 25/10/2018 11:50> 
Erro ocorrido ao tentar gravar o arquivo json: moedas--nzdusd-caiu-durante-a-sessao-asiatica-618959.txt
Fim do Log... >Logando em: 25/10/2018 11:50> 
Erro ocorrido ao tentar gravar o arquivo json: moedas--libra-se-recupera-com-esboco-de-acordo-positivo-entre-reino-unido-e-ue-618782.txt
Fim do Log... >Logando em: 25/10/2018 11:50> 
Erro ocorrido ao tentar gravar o arquivo json: moedas--usdjpy-caiu-no-final-da-sessao-dos-estados-unidos-619135.txt
Fim do Log... >Logando em: 25/10/2018 11:50> 
Erro ocorrido ao tentar gravar o arquivo json: euro-cai-para-us-11393-em-frankfurt-618625.txt
Fim do Log... >Logando em: 25/10/2018 11:50> 
Erro ocorrido ao tentar gravar o arquivo json: euro-sobe-para-us-11406-em-frankfurt-618844.txt
Fim do Log... >Logando em: 25/10/2018 11:50> 
Erro ocorrido ao tentar gravar o arquivo json: euro-sobe-para-us-11405-em-frankfurt-618741.txt
Fim do Log... >Logando em: 25/10/2018 11:50> 
Erro ocorrido ao tentar gravar o arquivo json: moedas--dolar-cai-enquanto-aversao-a-risco-diminui-mas-cautela-persiste-618552.txt
Fim do Log... >Logando em: 25/10/2018 11:50> 
Erro ocorrido ao tentar gravar o arquivo json: dolar-tem-terceira-alta-seguida-ante-real-em-dia-de-liquidez-baixa-com-feriado-nos-eua-618917.txt
Fim do Log... >Logando em: 25/10/2018 11:50> 
Erro ocorrido ao tentar gravar o arquivo json: dolar-tem-alta-ante-real-com-ajuste-a-aversao-ao-risco-registrada-no-feriado-618551.txt
Fim do Log... >Logando em: 25/10/2018 11:50> 
Erro ocorrido ao tentar gravar o arquivo json: moedas--gbpusd-caiu-no-final-da-sessao-dos-estados-unidos-619137.txt
Fim do Log... >Logando em: 25/10/2018 11:50> 
Erro ocorrido ao tentar gravar o arquivo json: cotacao-do-dolar-em-relacao-as-moedas-latinoamericanas-619155.txt
Fim do Log... >Logando em: 25/10/2018 11:50> 
Erro ocorrido ao tentar gravar o arquivo json: moedas--usdjpy-subiu-durante-a-sessao-asiatica-618962.txt
Fim do Log... >Logando em: 25/10/2018 11:50> 
Erro ocorrido ao tentar gravar o arquivo json: euro-sobe-para-us-11405-em-frankfurt-618741.txt
Fim do Log... >Logando em: 25/10/2018 11:50> 
Erro ocorrido ao tentar gravar o arquivo json: cotacao-do-dolar-frente-as-moedas-latinoamericanas-618956.txt
Fim do Log... >Logando em: 25/10/2018 11:50> 
Erro ocorrido ao tentar gravar o arquivo json: dolar-sobe-ante-real-em-dia-de-liquidez-baixa-com-feriado-nos-eua-618792.txt
Fim do Log... >Logando em: 25/10/2018 11:50> 
Erro ocorrido ao tentar gravar o arquivo json: dolar-caminha-para-maior-ganho-semanal-ante-cesta-de-moedas-em-um-mes-619061.txt
Fim do Log... >Logando em: 25/10/2018 11:50> 
Erro ocorrido ao tentar gravar o arquivo json: moedas--eurusd-subiu-no-final-da-sessao-dos-estados-unidos-618692.txt
Fim do Log... >Logando em: 25/10/2018 11:50> 
Erro ocorrido ao tentar gravar o arquivo json: moedas--eurusd-subiu-durante-a-sessao-asiatica-618977.txt
Fim do Log... >Logando em: 25/10/2018 11:50> 
Erro ocorrido ao tentar gravar o arquivo json: moedas--libra-cai-enquanto-o-reino-unido-e-espanha-busca-acordo-sobre-gibraltar-619024.txt
Fim do Log... >Logando em: 25/10/2018 11:50> 
Erro ocorrido ao tentar gravar o arquivo json: euro-cai-para-us-11393-em-frankfurt-618625.txt
Fim do Log... >Logando em: 25/10/2018 11:50> 
Erro ocorrido ao tentar gravar o arquivo json: dolar-tem-terceira-alta-seguida-ante-real-em-dia-de-liquidez-baixa-com-feriado-nos-eua-618917.txt
Fim do Log... >Logando em: 25/10/2018 11:50> 
Erro ocorrido ao tentar gravar o arquivo json: moedas--audusd-caiu-durante-a-sessao-asiatica-618973.txt
Fim do Log... >Logando em: 25/10/2018 11:50> 
Erro ocorrido ao tentar gravar o arquivo json: moedas--dolar-em-queda-com-mercado-devagar-euro-ganha-terreno-618776.txt
Fim do Log... >Logando em: 25/10/2018 11:50> 
Erro ocorrido ao tentar gravar o arquivo json: moedas--libra-se-recupera-com-esboco-de-acordo-positivo-entre-reino-unido-e-ue-618782.txt
Fim do Log... >Logando em: 25/10/2018 11:50> 
Erro ocorrido ao tentar gravar o arquivo json: moedas--eurusd-caiu-no-final-da-sessao-dos-estados-unidos-619138.txt
Fim do Log... >Logando em: 25/10/2018 11:50> 
Erro ocorrido ao tentar gravar o arquivo json: moedas--dolar-cai-enquanto-aversao-a-risco-diminui-mas-cautela-persiste-618552.txt
Fim do Log... >Logando em: 25/10/2018 11:50> 
Erro ocorrido ao tentar gravar o arquivo json: moedas--calendario-da-semana-26-a-30-de-novembro-619202.txt
Fim do Log... >Logando em: 25/10/2018 11:50> 
Erro ocorrido ao tentar gravar o arquivo json: atas-do-bce-reiteram-planos-para-encerrar-estimulos-este-ano-618810.txt
Fim do Log... >Logando em: 25/10/2018 11:50> 
Erro ocorrido ao tentar gravar o arquivo json: autoridades-do-bce-reafirmam-plano-de-corte-de-estimulo-em-reuniao-de-outubro-diz-ata-618804.txt
Fim do Log... >Logando em: 25/10/2018 11:50> 
Erro ocorrido ao tentar gravar o arquivo json: cotacao-do-dolar-frente-as-moedas-latinoamericanas-618956.txt
Fim do Log... >Logando em: 25/10/2018 11:50> 
Erro ocorrido ao tentar gravar o arquivo json: dolar-cai-em-relacao-a-euro-e-iene-618958.txt
Fim do Log... >Logando em: 25/10/2018 11:50> 
Erro ocorrido ao tentar gravar o arquivo json: dolar-cai-em-relacao-a-euro-e-sobe-frente-ao-iene-618725.txt
Fim do Log... >Logando em: 25/10/2018 11:50> 
Erro ocorrido ao tentar gravar o arquivo json: moedas--usdjpy-subiu-durante-a-sessao-asiatica-618962.txt
Fim do Log... >Logando em: 25/10/2018 11:50> 
Erro ocorrido ao tentar gravar o arquivo json: cotacao-do-dolar-em-relacao-as-moedas-latinoamericanas-618721.txt
Fim do Log... >Logando em: 25/10/2018 11:50> 
Erro ocorrido ao tentar gravar o arquivo json: euro-sobe-para-us-11413-em-frankfurt-618980.txt
Fim do Log... >Logando em: 25/10/2018 11:50> 
Erro ocorrido ao tentar gravar o arquivo json: moedas--eurusd-subiu-no-final-da-sessao-dos-estados-unidos-618930.txt
Fim do Log... >Logando em: 25/10/2018 11:50> 
Erro ocorrido ao tentar gravar o arquivo json: moedas--eurusd-subiu-perto-do-final-da-sessao-dos-estados-unidos-618920.txt
Fim do Log... >Logando em: 25/10/2018 13:27> 
Erro ao tentar mover o arquivo da notícia processada para o diretório de enviadas. Arquivo: news/waiting/acordo-brexit-e-a-melhor-opcao-para-proteger-a-economia-britanica-diz-ministro-619165.txt
Fim do Log... >Logando em: 25/10/2018 13:29> 
Erro ao tentar mover o arquivo da notícia processada para o diretório de enviadas. Arquivo: news/waiting/moedas--usdjpy-caiu-no-final-da-sessao-dos-estados-unidos-619135.txt
Fim do Log... >